The target system is: Linux -  - i486
The host system is: Linux - 4.4.0-31-generic - x86_64
Determining if files pthread.h exist passed with the following output:
Change Dir: /home/ruiciro/JuegoGC/build-cross-atom/CMakeFiles/CMakeTmp

Run Build Command:/usr/bin/make "cmTryCompileExec3392957498/fast"
/usr/bin/make -f CMakeFiles/cmTryCompileExec3392957498.dir/build.make CMakeFiles/cmTryCompileExec3392957498.dir/build
make[1]: Entering directory `/home/ruiciro/JuegoGC/build-cross-atom/CMakeFiles/CMakeTmp'
/usr/bin/cmake -E cmake_progress_report /home/ruiciro/JuegoGC/build-cross-atom/CMakeFiles/CMakeTmp/CMakeFiles 1
Building C object CMakeFiles/cmTryCompileExec3392957498.dir/CheckIncludeFiles.c.o
/home/ruiciro/SPL/linux64-nao-atom-cross-toolchain-1.14.5/cross/bin/i686-aldebaran-linux-gnu-gcc   --sysroot /home/ruiciro/SPL/linux64-nao-atom-cross-toolchain-1.14.5//sysroot/ -pipe -fomit-frame-pointer -fno-align-jumps -fno-align-functions -fno-align-labels -fno-align-loops -m32 -mtune=generic -DOE_CROSS_BUILD    -o CMakeFiles/cmTryCompileExec3392957498.dir/CheckIncludeFiles.c.o   -c /home/ruiciro/JuegoGC/build-cross-atom/CMakeFiles/CMakeTmp/CheckIncludeFiles.c
Linking C executable cmTryCompileExec3392957498
/usr/bin/cmake -E cmake_link_script CMakeFiles/cmTryCompileExec3392957498.dir/link.txt --verbose=1
/home/ruiciro/SPL/linux64-nao-atom-cross-toolchain-1.14.5/cross/bin/i686-aldebaran-linux-gnu-gcc   --sysroot /home/ruiciro/SPL/linux64-nao-atom-cross-toolchain-1.14.5//sysroot/ -pipe -fomit-frame-pointer -fno-align-jumps -fno-align-functions -fno-align-labels -fno-align-loops -m32 -mtune=generic -DOE_CROSS_BUILD   -Wl,--sysroot,/home/ruiciro/SPL/linux64-nao-atom-cross-toolchain-1.14.5//sysroot/ CMakeFiles/cmTryCompileExec3392957498.dir/CheckIncludeFiles.c.o  -o cmTryCompileExec3392957498 -rdynamic 
make[1]: Leaving directory `/home/ruiciro/JuegoGC/build-cross-atom/CMakeFiles/CMakeTmp'


Determining if the function pthread_create exists in the pthread passed with the following output:
Change Dir: /home/ruiciro/JuegoGC/build-cross-atom/CMakeFiles/CMakeTmp

Run Build Command:/usr/bin/make "cmTryCompileExec340168460/fast"
/usr/bin/make -f CMakeFiles/cmTryCompileExec340168460.dir/build.make CMakeFiles/cmTryCompileExec340168460.dir/build
make[1]: Entering directory `/home/ruiciro/JuegoGC/build-cross-atom/CMakeFiles/CMakeTmp'
/usr/bin/cmake -E cmake_progress_report /home/ruiciro/JuegoGC/build-cross-atom/CMakeFiles/CMakeTmp/CMakeFiles 1
Building C object CMakeFiles/cmTryCompileExec340168460.dir/CheckFunctionExists.c.o
/home/ruiciro/SPL/linux64-nao-atom-cross-toolchain-1.14.5/cross/bin/i686-aldebaran-linux-gnu-gcc   --sysroot /home/ruiciro/SPL/linux64-nao-atom-cross-toolchain-1.14.5//sysroot/ -pipe -fomit-frame-pointer -fno-align-jumps -fno-align-functions -fno-align-labels -fno-align-loops -m32 -mtune=generic -DOE_CROSS_BUILD -DCHECK_FUNCTION_EXISTS=pthread_create   -o CMakeFiles/cmTryCompileExec340168460.dir/CheckFunctionExists.c.o   -c /usr/share/cmake-2.8/Modules/CheckFunctionExists.c
Linking C executable cmTryCompileExec340168460
/usr/bin/cmake -E cmake_link_script CMakeFiles/cmTryCompileExec340168460.dir/link.txt --verbose=1
/home/ruiciro/SPL/linux64-nao-atom-cross-toolchain-1.14.5/cross/bin/i686-aldebaran-linux-gnu-gcc   --sysroot /home/ruiciro/SPL/linux64-nao-atom-cross-toolchain-1.14.5//sysroot/ -pipe -fomit-frame-pointer -fno-align-jumps -fno-align-functions -fno-align-labels -fno-align-loops -m32 -mtune=generic -DOE_CROSS_BUILD -DCHECK_FUNCTION_EXISTS=pthread_create  -Wl,--sysroot,/home/ruiciro/SPL/linux64-nao-atom-cross-toolchain-1.14.5//sysroot/ CMakeFiles/cmTryCompileExec340168460.dir/CheckFunctionExists.c.o  -o cmTryCompileExec340168460 -rdynamic -lpthread 
make[1]: Leaving directory `/home/ruiciro/JuegoGC/build-cross-atom/CMakeFiles/CMakeTmp'


